<?xml version="1.0" encoding="UTF-8"?>
<!-- Generated by org.testng.reporters.JUnitReportReporter -->
<testsuite skipped="0" hostname="LP-5CD2081L0B" name="com.webdriver.testeg.Settings" tests="1" failures="0" timestamp="20 Sep 2023 06:05:44 GMT" time="10.256" errors="0">
  <testcase name="settingseg" time="10.256" classname="com.webdriver.testeg.Settings"/>
</testsuite> <!-- com.webdriver.testeg.Settings -->
