<?xml version="1.0" encoding="UTF-8"?>
<!-- Generated by org.testng.reporters.JUnitReportReporter -->
<testsuite skipped="0" hostname="LP-5CD2081L0B" name="MyGridDemo" tests="1" failures="0" timestamp="05 Sep 2023 07:27:21 GMT" time="182.645" errors="1">
  <testcase name="testlogin" time="182.645" classname="MyGridDemo">
    <error type="org.openqa.selenium.SessionNotCreatedException" message="Could not start a new session. Possible causes are invalid address of the remote server or browser start-up failure. 
Host info: host: &#039;LP-5CD2081L0B&#039;, ip: &#039;192.168.1.101&#039;
Build info: version: &#039;4.12.0&#039;, revision: &#039;249f2a7d1b*&#039;
System info: os.name: &#039;Windows 11&#039;, os.arch: &#039;amd64&#039;, os.version: &#039;10.0&#039;, java.version: &#039;1.8.0_321&#039;
Driver info: org.openqa.selenium.remote.RemoteWebDriver
Command: [null, newSession {capabilities=[Capabilities {browserName: chrome, platformName: windows}]}]
Capabilities {browserName: chrome, platformName: windows}">
      <![CDATA[org.openqa.selenium.SessionNotCreatedException: Could not start a new session. Possible causes are invalid address of the remote server or browser start-up failure. 
Host info: host: 'LP-5CD2081L0B', ip: '192.168.1.101'
Build info: version: '4.12.0', revision: '249f2a7d1b*'
System info: os.name: 'Windows 11', os.arch: 'amd64', os.version: '10.0', java.version: '1.8.0_321'
Driver info: org.openqa.selenium.remote.RemoteWebDriver
Command: [null, newSession {capabilities=[Capabilities {browserName: chrome, platformName: windows}]}]
Capabilities {browserName: chrome, platformName: windows}
	at org.openqa.selenium.remote.RemoteWebDriver.execute(RemoteWebDriver.java:620)
	at org.openqa.selenium.remote.RemoteWebDriver.startSession(RemoteWebDriver.java:236)
	at org.openqa.selenium.remote.RemoteWebDriver.<init>(RemoteWebDriver.java:163)
	at org.openqa.selenium.remote.RemoteWebDriver.<init>(RemoteWebDriver.java:143)
	at MyGridDemo.testlogin(MyGridDemo.java:39)
	at sun.reflect.NativeMethodAccessorImpl.invoke0(Native Method)
	at sun.reflect.NativeMethodAccessorImpl.invoke(Unknown Source)
	at sun.reflect.DelegatingMethodAccessorImpl.invoke(Unknown Source)
	at java.lang.reflect.Method.invoke(Unknown Source)
	at org.testng.internal.MethodInvocationHelper.invokeMethod(MethodInvocationHelper.java:108)
	at org.testng.internal.Invoker.invokeMethod(Invoker.java:661)
	at org.testng.internal.Invoker.invokeTestMethod(Invoker.java:869)
	at org.testng.internal.Invoker.invokeTestMethods(Invoker.java:1193)
	at org.testng.internal.TestMethodWorker.invokeTestMethods(TestMethodWorker.java:126)
	at org.testng.internal.TestMethodWorker.run(TestMethodWorker.java:109)
	at org.testng.TestRunner.privateRun(TestRunner.java:744)
	at org.testng.TestRunner.run(TestRunner.java:602)
	at org.testng.SuiteRunner.runTest(SuiteRunner.java:380)
	at org.testng.SuiteRunner.runSequentially(SuiteRunner.java:375)
	at org.testng.SuiteRunner.privateRun(SuiteRunner.java:340)
	at org.testng.SuiteRunner.run(SuiteRunner.java:289)
	at org.testng.SuiteRunnerWorker.runSuite(SuiteRunnerWorker.java:52)
	at org.testng.SuiteRunnerWorker.run(SuiteRunnerWorker.java:86)
	at org.testng.TestNG.runSuitesSequentially(TestNG.java:1301)
	at org.testng.TestNG.runSuitesLocally(TestNG.java:1226)
	at org.testng.TestNG.runSuites(TestNG.java:1144)
	at org.testng.TestNG.run(TestNG.java:1115)
	at org.testng.remote.AbstractRemoteTestNG.run(AbstractRemoteTestNG.java:114)
	at org.testng.remote.RemoteTestNG.initAndRun(RemoteTestNG.java:251)
	at org.testng.remote.RemoteTestNG.main(RemoteTestNG.java:77)
Caused by: java.lang.RuntimeException: NettyHttpHandler request execution error
	at org.openqa.selenium.remote.http.netty.NettyHttpHandler.makeCall(NettyHttpHandler.java:76)
	at org.openqa.selenium.remote.http.AddSeleniumUserAgent.lambda$apply$0(AddSeleniumUserAgent.java:42)
	at org.openqa.selenium.remote.http.Filter.lambda$andFinally$1(Filter.java:55)
	at org.openqa.selenium.remote.http.netty.NettyHttpHandler.execute(NettyHttpHandler.java:48)
	at org.openqa.selenium.remote.http.netty.NettyClient.execute(NettyClient.java:96)
	at org.openqa.selenium.remote.tracing.TracedHttpClient.execute(TracedHttpClient.java:54)
	at org.openqa.selenium.remote.ProtocolHandshake.createSession(ProtocolHandshake.java:115)
	at org.openqa.selenium.remote.ProtocolHandshake.createSession(ProtocolHandshake.java:96)
	at org.openqa.selenium.remote.ProtocolHandshake.createSession(ProtocolHandshake.java:68)
	at org.openqa.selenium.remote.HttpCommandExecutor.execute(HttpCommandExecutor.java:163)
	at org.openqa.selenium.remote.TracedCommandExecutor.execute(TracedCommandExecutor.java:51)
	at org.openqa.selenium.remote.RemoteWebDriver.execute(RemoteWebDriver.java:602)
	... 29 more
Caused by: java.util.concurrent.ExecutionException: java.util.concurrent.TimeoutException: Request timeout to 172.178.16.7/172.178.16.7:4444 after 180000 ms
	at java.util.concurrent.CompletableFuture.reportGet(Unknown Source)
	at java.util.concurrent.CompletableFuture.get(Unknown Source)
	at org.asynchttpclient.netty.NettyResponseFuture.get(NettyResponseFuture.java:206)
	at org.openqa.selenium.remote.http.netty.NettyHttpHandler.makeCall(NettyHttpHandler.java:59)
	... 40 more
Caused by: java.util.concurrent.TimeoutException: Request timeout to 172.178.16.7/172.178.16.7:4444 after 180000 ms
	at org.asynchttpclient.netty.timeout.TimeoutTimerTask.expire(TimeoutTimerTask.java:43)
	at org.asynchttpclient.netty.timeout.RequestTimeoutTimerTask.run(RequestTimeoutTimerTask.java:50)
	at io.netty.util.HashedWheelTimer$HashedWheelTimeout.run(HashedWheelTimer.java:715)
	at io.netty.util.concurrent.ImmediateExecutor.execute(ImmediateExecutor.java:34)
	at io.netty.util.HashedWheelTimer$HashedWheelTimeout.expire(HashedWheelTimer.java:703)
	at io.netty.util.HashedWheelTimer$HashedWheelBucket.expireTimeouts(HashedWheelTimer.java:790)
	at io.netty.util.HashedWheelTimer$Worker.run(HashedWheelTimer.java:503)
	at io.netty.util.concurrent.FastThreadLocalRunnable.run(FastThreadLocalRunnable.java:30)
	at java.lang.Thread.run(Unknown Source)
]]>
    </error>
  </testcase> <!-- testlogin -->
</testsuite> <!-- MyGridDemo -->
