<?xml version="1.0" encoding="UTF-8"?>
<!-- Generated by org.testng.reporters.JUnitReportReporter -->
<testsuite skipped="0" hostname="LP-5CD2081L0B" name="com.testng.examples.AmazonLogin" tests="1" failures="0" timestamp="28 Aug 2023 06:22:24 GMT" time="0.001" errors="0">
  <testcase name="amazon_login" time="0.001" classname="com.testng.examples.AmazonLogin"/>
</testsuite> <!-- com.testng.examples.AmazonLogin -->
