<?xml version="1.0" encoding="UTF-8"?>
<!-- Generated by org.testng.reporters.JUnitReportReporter -->
<testsuite skipped="0" hostname="LP-5CD2081L0B" name="com.testng.examples.Amazon" tests="3" failures="0" timestamp="28 Aug 2023 06:53:42 GMT" time="0.021" errors="0">
  <testcase name="login" time="0.007" classname="com.testng.examples.Amazon"/>
  <testcase name="reg" time="0.007" classname="com.testng.examples.Amazon"/>
  <testcase name="search" time="0.007" classname="com.testng.examples.Amazon"/>
</testsuite> <!-- com.testng.examples.Amazon -->
