<?xml version="1.0" encoding="UTF-8"?>
<!-- Generated by org.testng.reporters.JUnitReportReporter -->
<testsuite skipped="7" hostname="LP-5CD2081L0B" name="com.webdriver.testeg.FirstTestLeafgroundAppln" tests="8" failures="0" timestamp="04 Sep 2023 06:49:58 GMT" time="5.002" errors="0">
  <testcase name="dropdown" time="5.002" classname="com.webdriver.testeg.FirstTestLeafgroundAppln"/>
  <testcase name="links" classname="com.webdriver.testeg.FirstTestLeafgroundAppln">
    <skipped/>
  </testcase> <!-- links -->
  <testcase name="datepicker" classname="com.webdriver.testeg.FirstTestLeafgroundAppln">
    <skipped/>
  </testcase> <!-- datepicker -->
  <testcase name="btns" classname="com.webdriver.testeg.FirstTestLeafgroundAppln">
    <skipped/>
  </testcase> <!-- btns -->
  <testcase name="dashboard" classname="com.webdriver.testeg.FirstTestLeafgroundAppln">
    <skipped/>
  </testcase> <!-- dashboard -->
  <testcase name="checkboxes" classname="com.webdriver.testeg.FirstTestLeafgroundAppln">
    <skipped/>
  </testcase> <!-- checkboxes -->
  <testcase name="textbox" classname="com.webdriver.testeg.FirstTestLeafgroundAppln">
    <skipped/>
  </testcase> <!-- textbox -->
  <testcase name="radiobtns" classname="com.webdriver.testeg.FirstTestLeafgroundAppln">
    <skipped/>
  </testcase> <!-- radiobtns -->
</testsuite> <!-- com.webdriver.testeg.FirstTestLeafgroundAppln -->
